<?xml version="1.0" encoding="UTF-8"?><testsuite errors="0" failures="0" name="com.bestbuy.testsuite.ProductsTestWithTags" skipped="0" tests="5" time="10.4" timestamp="2020-05-26T14:35:27.775+01:00[Europe/London]"><testcase classname="com.bestbuy.testsuite.ProductsTestWithTags" name="This test is creating a new products and verify it is created"/><testcase classname="com.bestbuy.testsuite.ProductsTestWithTags" name="Getting the information of the product created by ID"/><testcase classname="com.bestbuy.testsuite.ProductsTestWithTags" name="Getting the information of the All products"/><testcase classname="com.bestbuy.testsuite.ProductsTestWithTags" name="This test will update the product information and verify the updated information"/><testcase classname="com.bestbuy.testsuite.ProductsTestWithTags" name="Deleting the Product information with productId : {0} "/></testsuite>