<?xml version="1.0" encoding="UTF-8"?><testsuite errors="0" failures="0" name="com.bestbuy.testsuite.StoresTestWithTags" skipped="0" tests="5" time="0.63" timestamp="2020-05-26T14:35:39.842+01:00[Europe/London]"><testcase classname="com.bestbuy.testsuite.StoresTestWithTags" name="Creating a new Store"/><testcase classname="com.bestbuy.testsuite.StoresTestWithTags" name="Getting a created Store"/><testcase classname="com.bestbuy.testsuite.StoresTestWithTags" name="Getting the all store"/><testcase classname="com.bestbuy.testsuite.StoresTestWithTags" name="Updating Store information with  name:{0}, type:{1}. address:{2}, address2:{3}, city:{4}, state:{5}, zip:{6}, lat:{7}, lng:{8}, hours:{9}"/><testcase classname="com.bestbuy.testsuite.StoresTestWithTags" name="Deleting the store with store ID"/></testsuite>